  [1m[35m (0.2ms)[0m  [1m[34mSELECT sqlite_version(*)[0m
  ↳ /home/yuicraft/.rvm/gems/ruby-2.5.3/bin/rake:23
  [1m[35m (13.6ms)[0m  [1m[35mCREATE TABLE "schema_migrations" ("version" varchar NOT NULL PRIMARY KEY)[0m
  ↳ /home/yuicraft/.rvm/gems/ruby-2.5.3/bin/rake:23
  [1m[35m (4.0ms)[0m  [1m[35mCREATE TABLE "ar_internal_metadata" ("key" varchar NOT NULL PRIMARY KEY, "value" varchar, "created_at" datetime NOT NULL, "updated_at" datetime NOT NULL)[0m
  ↳ /home/yuicraft/.rvm/gems/ruby-2.5.3/bin/rake:23
  [1m[35m (0.2ms)[0m  [1m[34mSELECT "schema_migrations"."version" FROM "schema_migrations" ORDER BY "schema_migrations"."version" ASC[0m
  ↳ /home/yuicraft/.rvm/gems/ruby-2.5.3/bin/rake:23
Migrating to CreateUsers (20190620090415)
  [1m[35m (0.0ms)[0m  [1m[36mbegin transaction[0m
  ↳ /home/yuicraft/.rvm/gems/ruby-2.5.3/bin/rake:23
  [1m[35m (0.9ms)[0m  [1m[35mCREATE TABLE "users" ("id" integer PRIMARY KEY AUTOINCREMENT NOT NULL, "ide" varchar, "password" varchar, "created_at" datetime NOT NULL, "updated_at" datetime NOT NULL)[0m
  ↳ db/migrate/20190620090415_create_users.rb:3
  [1m[36mActiveRecord::SchemaMigration Create (0.3ms)[0m  [1m[32mINSERT INTO "schema_migrations" ("version") VALUES (?)[0m  [["version", "20190620090415"]]
  ↳ /home/yuicraft/.rvm/gems/ruby-2.5.3/bin/rake:23
  [1m[35m (6.2ms)[0m  [1m[36mcommit transaction[0m
  ↳ /home/yuicraft/.rvm/gems/ruby-2.5.3/bin/rake:23
Migrating to CreateReminders (20190620090726)
  [1m[35m (0.1ms)[0m  [1m[36mbegin transaction[0m
  ↳ /home/yuicraft/.rvm/gems/ruby-2.5.3/bin/rake:23
  [1m[35m (0.3ms)[0m  [1m[35mCREATE TABLE "reminders" ("id" integer PRIMARY KEY AUTOINCREMENT NOT NULL, "content" varchar, "importance" integer, "setted_date" date, "setted_time" time, "created_at" datetime NOT NULL, "updated_at" datetime NOT NULL)[0m
  ↳ db/migrate/20190620090726_create_reminders.rb:3
  [1m[36mActiveRecord::SchemaMigration Create (0.1ms)[0m  [1m[32mINSERT INTO "schema_migrations" ("version") VALUES (?)[0m  [["version", "20190620090726"]]
  ↳ /home/yuicraft/.rvm/gems/ruby-2.5.3/bin/rake:23
  [1m[35m (6.7ms)[0m  [1m[36mcommit transaction[0m
  ↳ /home/yuicraft/.rvm/gems/ruby-2.5.3/bin/rake:23
Migrating to CreateRatings (20190620091332)
  [1m[35m (0.0ms)[0m  [1m[36mbegin transaction[0m
  ↳ /home/yuicraft/.rvm/gems/ruby-2.5.3/bin/rake:23
  [1m[35m (0.3ms)[0m  [1m[35mCREATE TABLE "ratings" ("id" integer PRIMARY KEY AUTOINCREMENT NOT NULL, "what_you_do" varchar, "what_yuo_good" varchar, "what_you_bad" varchar, "ide" varchar, "created_at" datetime NOT NULL, "updated_at" datetime NOT NULL)[0m
  ↳ db/migrate/20190620091332_create_ratings.rb:3
  [1m[36mActiveRecord::SchemaMigration Create (0.1ms)[0m  [1m[32mINSERT INTO "schema_migrations" ("version") VALUES (?)[0m  [["version", "20190620091332"]]
  ↳ /home/yuicraft/.rvm/gems/ruby-2.5.3/bin/rake:23
  [1m[35m (1.3ms)[0m  [1m[36mcommit transaction[0m
  ↳ /home/yuicraft/.rvm/gems/ruby-2.5.3/bin/rake:23
  [1m[36mActiveRecord::InternalMetadata Load (0.1ms)[0m  [1m[34mSELECT  "ar_internal_metadata".* FROM "ar_internal_metadata" WHERE "ar_internal_metadata"."key" = ? LIMIT ?[0m  [["key", "environment"], ["LIMIT", 1]]
  ↳ /home/yuicraft/.rvm/gems/ruby-2.5.3/bin/rake:23
  [1m[35m (0.0ms)[0m  [1m[36mbegin transaction[0m
  ↳ /home/yuicraft/.rvm/gems/ruby-2.5.3/bin/rake:23
  [1m[36mActiveRecord::InternalMetadata Create (0.2ms)[0m  [1m[32mINSERT INTO "ar_internal_metadata" ("key", "value", "created_at", "updated_at") VALUES (?, ?, ?, ?)[0m  [["key", "environment"], ["value", "development"], ["created_at", "2019-06-21 06:23:06.508864"], ["updated_at", "2019-06-21 06:23:06.508864"]]
  ↳ /home/yuicraft/.rvm/gems/ruby-2.5.3/bin/rake:23
  [1m[35m (9.3ms)[0m  [1m[36mcommit transaction[0m
  ↳ /home/yuicraft/.rvm/gems/ruby-2.5.3/bin/rake:23
  [1m[35m (0.1ms)[0m  [1m[34mSELECT "schema_migrations"."version" FROM "schema_migrations" ORDER BY "schema_migrations"."version" ASC[0m
  ↳ /home/yuicraft/.rvm/gems/ruby-2.5.3/bin/rake:23
  [1m[35m (0.1ms)[0m  [1m[34mSELECT "schema_migrations"."version" FROM "schema_migrations" ORDER BY "schema_migrations"."version" ASC[0m
  ↳ /home/yuicraft/.rvm/gems/ruby-2.5.3/bin/rake:23
  [1m[35m (0.1ms)[0m  [1m[34mSELECT "ar_internal_metadata"."value" FROM "ar_internal_metadata" WHERE "ar_internal_metadata"."key" = ?[0m  [["key", "environment"]]
  ↳ /home/yuicraft/.rvm/gems/ruby-2.5.3/bin/rake:23
  [1m[35m (0.1ms)[0m  [1m[34mSELECT "schema_migrations"."version" FROM "schema_migrations" ORDER BY "schema_migrations"."version" ASC[0m
  ↳ /home/yuicraft/.rvm/gems/ruby-2.5.3/bin/rake:23
  [1m[35m (0.1ms)[0m  [1m[34mSELECT "ar_internal_metadata"."value" FROM "ar_internal_metadata" WHERE "ar_internal_metadata"."key" = ?[0m  [["key", "environment"]]
  ↳ /home/yuicraft/.rvm/gems/ruby-2.5.3/bin/rake:23
  [1m[35m (0.0ms)[0m  [1m[34mSELECT "schema_migrations"."version" FROM "schema_migrations" ORDER BY "schema_migrations"."version" ASC[0m
  ↳ /home/yuicraft/.rvm/gems/ruby-2.5.3/bin/rake:23
  [1m[35m (0.0ms)[0m  [1m[34mSELECT "ar_internal_metadata"."value" FROM "ar_internal_metadata" WHERE "ar_internal_metadata"."key" = ?[0m  [["key", "environment"]]
  ↳ /home/yuicraft/.rvm/gems/ruby-2.5.3/bin/rake:23
  [1m[35m (0.1ms)[0m  [1m[34mSELECT sqlite_version(*)[0m
  ↳ /home/yuicraft/.rvm/gems/ruby-2.5.3/bin/rake:23
  [1m[35m (10.1ms)[0m  [1m[35mCREATE TABLE "schema_migrations" ("version" varchar NOT NULL PRIMARY KEY)[0m
  ↳ /home/yuicraft/.rvm/gems/ruby-2.5.3/bin/rake:23
  [1m[35m (1.8ms)[0m  [1m[35mCREATE TABLE "ar_internal_metadata" ("key" varchar NOT NULL PRIMARY KEY, "value" varchar, "created_at" datetime NOT NULL, "updated_at" datetime NOT NULL)[0m
  ↳ /home/yuicraft/.rvm/gems/ruby-2.5.3/bin/rake:23
  [1m[35m (0.1ms)[0m  [1m[34mSELECT "schema_migrations"."version" FROM "schema_migrations" ORDER BY "schema_migrations"."version" ASC[0m
  ↳ /home/yuicraft/.rvm/gems/ruby-2.5.3/bin/rake:23
Migrating to CreateUsers (20190620090415)
  [1m[35m (0.1ms)[0m  [1m[36mbegin transaction[0m
  ↳ /home/yuicraft/.rvm/gems/ruby-2.5.3/bin/rake:23
  [1m[35m (0.0ms)[0m  [1m[31mrollback transaction[0m
  ↳ /home/yuicraft/.rvm/gems/ruby-2.5.3/bin/rake:23
  [1m[35m (0.1ms)[0m  [1m[34mSELECT "schema_migrations"."version" FROM "schema_migrations" ORDER BY "schema_migrations"."version" ASC[0m
  ↳ /home/yuicraft/.rvm/gems/ruby-2.5.3/bin/rake:23
Migrating to CreateUsers (20190620090415)
  [1m[35m (0.0ms)[0m  [1m[36mbegin transaction[0m
  ↳ /home/yuicraft/.rvm/gems/ruby-2.5.3/bin/rake:23
  [1m[35m (0.1ms)[0m  [1m[34mSELECT sqlite_version(*)[0m
  ↳ db/migrate/20190620090415_create_users.rb:3
  [1m[35m (5.5ms)[0m  [1m[35mCREATE TABLE "users" ("id" integer PRIMARY KEY AUTOINCREMENT NOT NULL, "ide" varchar, "password" varchar, "hour" integer, "min" integer, "created_at" datetime NOT NULL, "updated_at" datetime NOT NULL)[0m
  ↳ db/migrate/20190620090415_create_users.rb:3
  [1m[36mActiveRecord::SchemaMigration Create (0.2ms)[0m  [1m[32mINSERT INTO "schema_migrations" ("version") VALUES (?)[0m  [["version", "20190620090415"]]
  ↳ /home/yuicraft/.rvm/gems/ruby-2.5.3/bin/rake:23
  [1m[35m (9.9ms)[0m  [1m[36mcommit transaction[0m
  ↳ /home/yuicraft/.rvm/gems/ruby-2.5.3/bin/rake:23
Migrating to CreateReminders (20190620090726)
  [1m[35m (0.0ms)[0m  [1m[36mbegin transaction[0m
  ↳ /home/yuicraft/.rvm/gems/ruby-2.5.3/bin/rake:23
  [1m[35m (0.3ms)[0m  [1m[35mCREATE TABLE "reminders" ("id" integer PRIMARY KEY AUTOINCREMENT NOT NULL, "content" varchar, "importance" integer, "setted_date" date, "setted_time" time, "created_at" datetime NOT NULL, "updated_at" datetime NOT NULL)[0m
  ↳ db/migrate/20190620090726_create_reminders.rb:3
  [1m[36mActiveRecord::SchemaMigration Create (0.1ms)[0m  [1m[32mINSERT INTO "schema_migrations" ("version") VALUES (?)[0m  [["version", "20190620090726"]]
  ↳ /home/yuicraft/.rvm/gems/ruby-2.5.3/bin/rake:23
  [1m[35m (1.6ms)[0m  [1m[36mcommit transaction[0m
  ↳ /home/yuicraft/.rvm/gems/ruby-2.5.3/bin/rake:23
Migrating to CreateRatings (20190620091332)
  [1m[35m (0.0ms)[0m  [1m[36mbegin transaction[0m
  ↳ /home/yuicraft/.rvm/gems/ruby-2.5.3/bin/rake:23
  [1m[35m (0.4ms)[0m  [1m[35mCREATE TABLE "ratings" ("id" integer PRIMARY KEY AUTOINCREMENT NOT NULL, "what_you_do" varchar, "what_yuo_good" varchar, "what_you_bad" varchar, "ide" varchar, "created_at" datetime NOT NULL, "updated_at" datetime NOT NULL)[0m
  ↳ db/migrate/20190620091332_create_ratings.rb:3
  [1m[36mActiveRecord::SchemaMigration Create (0.1ms)[0m  [1m[32mINSERT INTO "schema_migrations" ("version") VALUES (?)[0m  [["version", "20190620091332"]]
  ↳ /home/yuicraft/.rvm/gems/ruby-2.5.3/bin/rake:23
  [1m[35m (1.3ms)[0m  [1m[36mcommit transaction[0m
  ↳ /home/yuicraft/.rvm/gems/ruby-2.5.3/bin/rake:23
  [1m[36mActiveRecord::InternalMetadata Load (0.1ms)[0m  [1m[34mSELECT  "ar_internal_metadata".* FROM "ar_internal_metadata" WHERE "ar_internal_metadata"."key" = ? LIMIT ?[0m  [["key", "environment"], ["LIMIT", 1]]
  ↳ /home/yuicraft/.rvm/gems/ruby-2.5.3/bin/rake:23
  [1m[35m (0.0ms)[0m  [1m[36mbegin transaction[0m
  ↳ /home/yuicraft/.rvm/gems/ruby-2.5.3/bin/rake:23
  [1m[36mActiveRecord::InternalMetadata Create (0.2ms)[0m  [1m[32mINSERT INTO "ar_internal_metadata" ("key", "value", "created_at", "updated_at") VALUES (?, ?, ?, ?)[0m  [["key", "environment"], ["value", "development"], ["created_at", "2019-06-21 06:27:25.331382"], ["updated_at", "2019-06-21 06:27:25.331382"]]
  ↳ /home/yuicraft/.rvm/gems/ruby-2.5.3/bin/rake:23
  [1m[35m (3.8ms)[0m  [1m[36mcommit transaction[0m
  ↳ /home/yuicraft/.rvm/gems/ruby-2.5.3/bin/rake:23
  [1m[35m (0.1ms)[0m  [1m[34mSELECT "schema_migrations"."version" FROM "schema_migrations" ORDER BY "schema_migrations"."version" ASC[0m
  ↳ /home/yuicraft/.rvm/gems/ruby-2.5.3/bin/rake:23
